<?xml version="1.0" encoding="UTF-8"?>
<!-- Generated by org.testng.reporters.JUnitReportReporter -->
<testsuite hostname="DESKTOP-7MOFL0U" failures="0" tests="1" name="runner.TestRunner" time="18.569" errors="0" timestamp="2025-05-12T17:55:17 IST" skipped="0">
  <testcase classname="runner.TestRunner" name="runScenario" time="18.569"/>
</testsuite> <!-- runner.TestRunner -->
